
  Linking design 'riscv'
  Using the following designs and libraries:
  --------------------------------------------------------------------------
  * (13 designs)              /users/ugrad/2017/fall/daviddp1/112L/Labs/Lab4/Lab_Files/syn/riscv.db, etc
  saed32lvt_tt1p05vn40c (library) /users/ugrad2/2012/spring/pooriam/libraries/saed32lvt_tt1p05vn40c.db
  saed32sram_tt1p05vn40c (library) /users/ugrad2/2012/spring/pooriam/libraries/saed32sram_tt1p05vn40c.db
  dw_foundation.sldb (library) /ecelib/linware/synopsys15/dc/libraries/syn/dw_foundation.sldb

Information: Building the design 'IFID'. (HDL-193)
Warning: Cannot find the design 'IFID' in the library 'WORK'. (LBR-1)
Information: Building the design 'IDEX'. (HDL-193)
Warning: Cannot find the design 'IDEX' in the library 'WORK'. (LBR-1)
Information: Building the design 'EXMEM'. (HDL-193)
Warning: Cannot find the design 'EXMEM' in the library 'WORK'. (LBR-1)
Information: Building the design 'MEMWB' instantiated from design 'Datapath' with
	the parameters "32". (HDL-193)
Warning: Cannot find the design 'MEMWB' in the library 'WORK'. (LBR-1)
Information: Building the design 'FFU' instantiated from design 'Datapath' with
	the parameters "5". (HDL-193)
Warning: Cannot find the design 'FFU' in the library 'WORK'. (LBR-1)
Information: Building the design 'mux3'. (HDL-193)
Warning: Cannot find the design 'mux3' in the library 'WORK'. (LBR-1)
Information: Building the design 'hazard'. (HDL-193)
Warning: Cannot find the design 'hazard' in the library 'WORK'. (LBR-1)
Information: Building the design 'signxtend'. (HDL-193)
Warning: Cannot find the design 'signxtend' in the library 'WORK'. (LBR-1)
Information: Building the design 'jalrmux'. (HDL-193)
Warning: Cannot find the design 'jalrmux' in the library 'WORK'. (LBR-1)
Information: Building the design 'jalrswitch'. (HDL-193)
Warning: Cannot find the design 'jalrswitch' in the library 'WORK'. (LBR-1)
Information: Building the design 'andgate'. (HDL-193)
Warning: Cannot find the design 'andgate' in the library 'WORK'. (LBR-1)
Information: Building the design 'brdriver'. (HDL-193)
Warning: Cannot find the design 'brdriver' in the library 'WORK'. (LBR-1)
Warning: Unable to resolve reference 'IFID' in 'Datapath'. (LINK-5)
Warning: Unable to resolve reference 'IDEX' in 'Datapath'. (LINK-5)
Warning: Unable to resolve reference 'EXMEM' in 'Datapath'. (LINK-5)
Warning: Unable to resolve reference 'MEMWB' in 'Datapath'. (LINK-5)
Warning: Unable to resolve reference 'FFU' in 'Datapath'. (LINK-5)
Warning: Unable to resolve reference 'mux3' in 'Datapath'. (LINK-5)
Warning: Unable to resolve reference 'hazard' in 'Datapath'. (LINK-5)
Warning: Unable to resolve reference 'signxtend' in 'Datapath'. (LINK-5)
Warning: Unable to resolve reference 'jalrmux' in 'Datapath'. (LINK-5)
Warning: Unable to resolve reference 'jalrswitch' in 'Datapath'. (LINK-5)
Warning: Unable to resolve reference 'andgate' in 'Datapath'. (LINK-5)
Warning: Unable to resolve reference 'brdriver' in 'Datapath'. (LINK-5)
0
